\BOOKMARK [0][-]{chapter.1}{}{}% 1
\BOOKMARK [1][-]{section.1.1}{}{chapter.1}% 2
\BOOKMARK [1][-]{section.1.2}{}{chapter.1}% 3
\BOOKMARK [2][-]{subsection.1.2.1}{}{section.1.2}% 4
\BOOKMARK [2][-]{subsection.1.2.2}{}{section.1.2}% 5
\BOOKMARK [0][-]{chapter.2}{}{}% 6
\BOOKMARK [1][-]{section.2.1}{}{chapter.2}% 7
\BOOKMARK [2][-]{subsection.2.1.1}{}{section.2.1}% 8
\BOOKMARK [2][-]{subsection.2.1.2}{}{section.2.1}% 9
\BOOKMARK [1][-]{section.2.2}{}{chapter.2}% 10
\BOOKMARK [0][-]{chapter.3}{}{}% 11
\BOOKMARK [1][-]{section.3.1}{}{chapter.3}% 12
\BOOKMARK [1][-]{section.3.2}{}{chapter.3}% 13
\BOOKMARK [1][-]{section.3.3}{}{chapter.3}% 14
\BOOKMARK [1][-]{section.3.4}{}{chapter.3}% 15
\BOOKMARK [0][-]{chapter*.2}{}{}% 16
\BOOKMARK [0][-]{appendix.A}{}{}% 17
\BOOKMARK [0][-]{appendix.B}{}{}% 18
\BOOKMARK [0][-]{appendix.A}{}{}% 19
\BOOKMARK [0][-]{appendix.B}{}{}% 20
